============================= test session starts ==============================
platform darwin -- Python 3.12.1, pytest-9.0.3, pluggy-1.6.0 -- /Users/alexandrerey/Documents/caribooks/backend/venv/bin/python3.12
cachedir: .pytest_cache
rootdir: /Users/alexandrerey/Documents/caribooks/backend
plugins: anyio-4.13.0
collecting ... collected 1 item

test/integration/test_order_api.py::test_postfinance_checkout_flow FAILED [100%]

=================================== FAILURES ===================================
________________________ test_postfinance_checkout_flow ________________________
test/integration/test_order_api.py:142: in test_postfinance_checkout_flow
    assert r.status_code == 201, r.text
E   AssertionError: {"detail":[{"type":"missing","loc":["body","reference_externe"],"msg":"Field required","input":{"id_commande":57,"montant_chf":100.0,"devise":"CHF"}},{"type":"missing","loc":["body","statut"],"msg":"Field required","input":{"id_commande":57,"montant_chf":100.0,"devise":"CHF"}}]}
E   assert 422 == 201
E    +  where 422 = <Response [422 Unprocessable Entity]>.status_code
----------------------------- Captured stdout call -----------------------------
2026-06-02 13:18:55,798 INFO sqlalchemy.engine.Engine SELECT DATABASE()
2026-06-02 13:18:55,799 INFO sqlalchemy.engine.Engine [raw sql] {}
2026-06-02 13:18:55,823 INFO sqlalchemy.engine.Engine SELECT @@sql_mode
2026-06-02 13:18:55,823 INFO sqlalchemy.engine.Engine [raw sql] {}
2026-06-02 13:18:55,825 INFO sqlalchemy.engine.Engine SELECT @@lower_case_table_names
2026-06-02 13:18:55,826 INFO sqlalchemy.engine.Engine [raw sql] {}
2026-06-02 13:18:55,827 INFO sqlalchemy.engine.Engine BEGIN (implicit)
2026-06-02 13:18:55,834 INFO sqlalchemy.engine.Engine SELECT utilisateur.id_utilisateur AS utilisateur_id_utilisateur, utilisateur.nom AS utilisateur_nom, utilisateur.prenom AS utilisateur_prenom, utilisateur.email AS utilisateur_email, utilisateur.mot_de_passe_hash AS utilisateur_mot_de_passe_hash, utilisateur.`role` AS utilisateur_role, utilisateur.billing_address_line1 AS utilisateur_billing_address_line1, utilisateur.billing_address_line2 AS utilisateur_billing_address_line2, utilisateur.billing_postal_code AS utilisateur_billing_postal_code, utilisateur.billing_city AS utilisateur_billing_city, utilisateur.billing_country AS utilisateur_billing_country, utilisateur.billing_phone AS utilisateur_billing_phone, utilisateur.date_creation AS utilisateur_date_creation 
FROM utilisateur 
WHERE utilisateur.email = %(email_1)s 
 LIMIT %(param_1)s
2026-06-02 13:18:55,834 INFO sqlalchemy.engine.Engine [generated in 0.00063s] {'email_1': 'pf_67a7e602dc@example.com', 'param_1': 1}
2026-06-02 13:18:56,332 INFO sqlalchemy.engine.Engine INSERT INTO utilisateur (nom, prenom, email, mot_de_passe_hash, `role`, billing_address_line1, billing_address_line2, billing_postal_code, billing_city, billing_country, billing_phone) VALUES (%(nom)s, %(prenom)s, %(email)s, %(mot_de_passe_hash)s, %(role)s, %(billing_address_line1)s, %(billing_address_line2)s, %(billing_postal_code)s, %(billing_city)s, %(billing_country)s, %(billing_phone)s)
2026-06-02 13:18:56,332 INFO sqlalchemy.engine.Engine [generated in 0.00066s] {'nom': 'Test', 'prenom': 'User', 'email': 'pf_67a7e602dc@example.com', 'mot_de_passe_hash': 'pbkdf2_sha256$421de7c65aeb1a6b144dbf812b0e55c1$1a4c5ec285d7c38c7e580ab45f41fd47a112a92c297b5fbd1cf9587344e4673f', 'role': 'user', 'billing_address_line1': None, 'billing_address_line2': None, 'billing_postal_code': None, 'billing_city': None, 'billing_country': None, 'billing_phone': None}
2026-06-02 13:18:56,340 INFO sqlalchemy.engine.Engine COMMIT
2026-06-02 13:18:56,349 INFO sqlalchemy.engine.Engine BEGIN (implicit)
2026-06-02 13:18:56,351 INFO sqlalchemy.engine.Engine SELECT utilisateur.id_utilisateur, utilisateur.nom, utilisateur.prenom, utilisateur.email, utilisateur.mot_de_passe_hash, utilisateur.`role`, utilisateur.billing_address_line1, utilisateur.billing_address_line2, utilisateur.billing_postal_code, utilisateur.billing_city, utilisateur.billing_country, utilisateur.billing_phone, utilisateur.date_creation 
FROM utilisateur 
WHERE utilisateur.id_utilisateur = %(pk_1)s
2026-06-02 13:18:56,351 INFO sqlalchemy.engine.Engine [generated in 0.00081s] {'pk_1': 278}
2026-06-02 13:18:56,360 INFO sqlalchemy.engine.Engine ROLLBACK
2026-06-02 13:18:56,368 INFO sqlalchemy.engine.Engine BEGIN (implicit)
2026-06-02 13:18:56,373 INFO sqlalchemy.engine.Engine SELECT utilisateur.id_utilisateur AS utilisateur_id_utilisateur, utilisateur.nom AS utilisateur_nom, utilisateur.prenom AS utilisateur_prenom, utilisateur.email AS utilisateur_email, utilisateur.mot_de_passe_hash AS utilisateur_mot_de_passe_hash, utilisateur.`role` AS utilisateur_role, utilisateur.billing_address_line1 AS utilisateur_billing_address_line1, utilisateur.billing_address_line2 AS utilisateur_billing_address_line2, utilisateur.billing_postal_code AS utilisateur_billing_postal_code, utilisateur.billing_city AS utilisateur_billing_city, utilisateur.billing_country AS utilisateur_billing_country, utilisateur.billing_phone AS utilisateur_billing_phone, utilisateur.date_creation AS utilisateur_date_creation 
FROM utilisateur 
WHERE utilisateur.email = %(email_1)s 
 LIMIT %(param_1)s
2026-06-02 13:18:56,379 INFO sqlalchemy.engine.Engine [cached since 0.5454s ago] {'email_1': 'pf_67a7e602dc@example.com', 'param_1': 1}
2026-06-02 13:18:56,563 INFO sqlalchemy.engine.Engine ROLLBACK
2026-06-02 13:18:56,617 INFO sqlalchemy.engine.Engine BEGIN (implicit)
2026-06-02 13:18:56,618 INFO sqlalchemy.engine.Engine SELECT utilisateur.id_utilisateur AS utilisateur_id_utilisateur, utilisateur.nom AS utilisateur_nom, utilisateur.prenom AS utilisateur_prenom, utilisateur.email AS utilisateur_email, utilisateur.mot_de_passe_hash AS utilisateur_mot_de_passe_hash, utilisateur.`role` AS utilisateur_role, utilisateur.billing_address_line1 AS utilisateur_billing_address_line1, utilisateur.billing_address_line2 AS utilisateur_billing_address_line2, utilisateur.billing_postal_code AS utilisateur_billing_postal_code, utilisateur.billing_city AS utilisateur_billing_city, utilisateur.billing_country AS utilisateur_billing_country, utilisateur.billing_phone AS utilisateur_billing_phone, utilisateur.date_creation AS utilisateur_date_creation 
FROM utilisateur 
WHERE utilisateur.email = %(email_1)s 
 LIMIT %(param_1)s
2026-06-02 13:18:56,618 INFO sqlalchemy.engine.Engine [cached since 0.7851s ago] {'email_1': 'pf_67a7e602dc@example.com', 'param_1': 1}
2026-06-02 13:18:56,627 INFO sqlalchemy.engine.Engine INSERT INTO commande (id_utilisateur, numero_commande, montant_total_chf, shipping_method, frais_port_chf, statut) VALUES (%(id_utilisateur)s, %(numero_commande)s, %(montant_total_chf)s, %(shipping_method)s, %(frais_port_chf)s, %(statut)s)
2026-06-02 13:18:56,627 INFO sqlalchemy.engine.Engine [generated in 0.00229s] {'id_utilisateur': 278, 'numero_commande': 'CMD_PF_67a7e602dc', 'montant_total_chf': 100.0, 'shipping_method': 'POST', 'frais_port_chf': 0.0, 'statut': 'CREATED'}
2026-06-02 13:18:56,635 INFO sqlalchemy.engine.Engine COMMIT
2026-06-02 13:18:56,646 INFO sqlalchemy.engine.Engine BEGIN (implicit)
2026-06-02 13:18:56,653 INFO sqlalchemy.engine.Engine SELECT commande.id_commande, commande.id_utilisateur, commande.numero_commande, commande.date_commande, commande.montant_total_chf, commande.shipping_method, commande.frais_port_chf, commande.statut 
FROM commande 
WHERE commande.id_commande = %(pk_1)s
2026-06-02 13:18:56,653 INFO sqlalchemy.engine.Engine [generated in 0.00377s] {'pk_1': 57}
2026-06-02 13:18:56,663 INFO sqlalchemy.engine.Engine ROLLBACK
2026-06-02 13:18:56,674 INFO sqlalchemy.engine.Engine BEGIN (implicit)
2026-06-02 13:18:56,675 INFO sqlalchemy.engine.Engine SELECT utilisateur.id_utilisateur AS utilisateur_id_utilisateur, utilisateur.nom AS utilisateur_nom, utilisateur.prenom AS utilisateur_prenom, utilisateur.email AS utilisateur_email, utilisateur.mot_de_passe_hash AS utilisateur_mot_de_passe_hash, utilisateur.`role` AS utilisateur_role, utilisateur.billing_address_line1 AS utilisateur_billing_address_line1, utilisateur.billing_address_line2 AS utilisateur_billing_address_line2, utilisateur.billing_postal_code AS utilisateur_billing_postal_code, utilisateur.billing_city AS utilisateur_billing_city, utilisateur.billing_country AS utilisateur_billing_country, utilisateur.billing_phone AS utilisateur_billing_phone, utilisateur.date_creation AS utilisateur_date_creation 
FROM utilisateur 
WHERE utilisateur.email = %(email_1)s 
 LIMIT %(param_1)s
2026-06-02 13:18:56,675 INFO sqlalchemy.engine.Engine [cached since 0.8419s ago] {'email_1': 'pf_67a7e602dc@example.com', 'param_1': 1}
2026-06-02 13:18:56,708 INFO sqlalchemy.engine.Engine ROLLBACK
------------------------------ Captured log call -------------------------------
INFO     sqlalchemy.engine.Engine:base.py:1846 SELECT DATABASE()
INFO     sqlalchemy.engine.Engine:base.py:1846 [raw sql] {}
INFO     sqlalchemy.engine.Engine:base.py:1846 SELECT @@sql_mode
INFO     sqlalchemy.engine.Engine:base.py:1846 [raw sql] {}
INFO     sqlalchemy.engine.Engine:base.py:1846 SELECT @@lower_case_table_names
INFO     sqlalchemy.engine.Engine:base.py:1846 [raw sql] {}
INFO     sqlalchemy.engine.Engine:base.py:2710 BEGIN (implicit)
INFO     sqlalchemy.engine.Engine:base.py:1846 SELECT utilisateur.id_utilisateur AS utilisateur_id_utilisateur, utilisateur.nom AS utilisateur_nom, utilisateur.prenom AS utilisateur_prenom, utilisateur.email AS utilisateur_email, utilisateur.mot_de_passe_hash AS utilisateur_mot_de_passe_hash, utilisateur.`role` AS utilisateur_role, utilisateur.billing_address_line1 AS utilisateur_billing_address_line1, utilisateur.billing_address_line2 AS utilisateur_billing_address_line2, utilisateur.billing_postal_code AS utilisateur_billing_postal_code, utilisateur.billing_city AS utilisateur_billing_city, utilisateur.billing_country AS utilisateur_billing_country, utilisateur.billing_phone AS utilisateur_billing_phone, utilisateur.date_creation AS utilisateur_date_creation 
FROM utilisateur 
WHERE utilisateur.email = %(email_1)s 
 LIMIT %(param_1)s
INFO     sqlalchemy.engine.Engine:base.py:1846 [generated in 0.00063s] {'email_1': 'pf_67a7e602dc@example.com', 'param_1': 1}
WARNING  passlib.handlers.bcrypt:bcrypt.py:622 (trapped) error reading bcrypt version
Traceback (most recent call last):
  File "/Users/alexandrerey/Documents/caribooks/backend/venv/lib/python3.12/site-packages/passlib/handlers/bcrypt.py", line 620, in _load_backend_mixin
    version = _bcrypt.__about__.__version__
              ^^^^^^^^^^^^^^^^^
AttributeError: module 'bcrypt' has no attribute '__about__'
INFO     sqlalchemy.engine.Engine:base.py:1846 INSERT INTO utilisateur (nom, prenom, email, mot_de_passe_hash, `role`, billing_address_line1, billing_address_line2, billing_postal_code, billing_city, billing_country, billing_phone) VALUES (%(nom)s, %(prenom)s, %(email)s, %(mot_de_passe_hash)s, %(role)s, %(billing_address_line1)s, %(billing_address_line2)s, %(billing_postal_code)s, %(billing_city)s, %(billing_country)s, %(billing_phone)s)
INFO     sqlalchemy.engine.Engine:base.py:1846 [generated in 0.00066s] {'nom': 'Test', 'prenom': 'User', 'email': 'pf_67a7e602dc@example.com', 'mot_de_passe_hash': 'pbkdf2_sha256$421de7c65aeb1a6b144dbf812b0e55c1$1a4c5ec285d7c38c7e580ab45f41fd47a112a92c297b5fbd1cf9587344e4673f', 'role': 'user', 'billing_address_line1': None, 'billing_address_line2': None, 'billing_postal_code': None, 'billing_city': None, 'billing_country': None, 'billing_phone': None}
INFO     sqlalchemy.engine.Engine:base.py:2716 COMMIT
INFO     sqlalchemy.engine.Engine:base.py:2710 BEGIN (implicit)
INFO     sqlalchemy.engine.Engine:base.py:1846 SELECT utilisateur.id_utilisateur, utilisateur.nom, utilisateur.prenom, utilisateur.email, utilisateur.mot_de_passe_hash, utilisateur.`role`, utilisateur.billing_address_line1, utilisateur.billing_address_line2, utilisateur.billing_postal_code, utilisateur.billing_city, utilisateur.billing_country, utilisateur.billing_phone, utilisateur.date_creation 
FROM utilisateur 
WHERE utilisateur.id_utilisateur = %(pk_1)s
INFO     sqlalchemy.engine.Engine:base.py:1846 [generated in 0.00081s] {'pk_1': 278}
INFO     sqlalchemy.engine.Engine:base.py:2713 ROLLBACK
INFO     sqlalchemy.engine.Engine:base.py:2710 BEGIN (implicit)
INFO     sqlalchemy.engine.Engine:base.py:1846 SELECT utilisateur.id_utilisateur AS utilisateur_id_utilisateur, utilisateur.nom AS utilisateur_nom, utilisateur.prenom AS utilisateur_prenom, utilisateur.email AS utilisateur_email, utilisateur.mot_de_passe_hash AS utilisateur_mot_de_passe_hash, utilisateur.`role` AS utilisateur_role, utilisateur.billing_address_line1 AS utilisateur_billing_address_line1, utilisateur.billing_address_line2 AS utilisateur_billing_address_line2, utilisateur.billing_postal_code AS utilisateur_billing_postal_code, utilisateur.billing_city AS utilisateur_billing_city, utilisateur.billing_country AS utilisateur_billing_country, utilisateur.billing_phone AS utilisateur_billing_phone, utilisateur.date_creation AS utilisateur_date_creation 
FROM utilisateur 
WHERE utilisateur.email = %(email_1)s 
 LIMIT %(param_1)s
INFO     sqlalchemy.engine.Engine:base.py:1846 [cached since 0.5454s ago] {'email_1': 'pf_67a7e602dc@example.com', 'param_1': 1}
INFO     sqlalchemy.engine.Engine:base.py:2713 ROLLBACK
INFO     sqlalchemy.engine.Engine:base.py:2710 BEGIN (implicit)
INFO     sqlalchemy.engine.Engine:base.py:1846 SELECT utilisateur.id_utilisateur AS utilisateur_id_utilisateur, utilisateur.nom AS utilisateur_nom, utilisateur.prenom AS utilisateur_prenom, utilisateur.email AS utilisateur_email, utilisateur.mot_de_passe_hash AS utilisateur_mot_de_passe_hash, utilisateur.`role` AS utilisateur_role, utilisateur.billing_address_line1 AS utilisateur_billing_address_line1, utilisateur.billing_address_line2 AS utilisateur_billing_address_line2, utilisateur.billing_postal_code AS utilisateur_billing_postal_code, utilisateur.billing_city AS utilisateur_billing_city, utilisateur.billing_country AS utilisateur_billing_country, utilisateur.billing_phone AS utilisateur_billing_phone, utilisateur.date_creation AS utilisateur_date_creation 
FROM utilisateur 
WHERE utilisateur.email = %(email_1)s 
 LIMIT %(param_1)s
INFO     sqlalchemy.engine.Engine:base.py:1846 [cached since 0.7851s ago] {'email_1': 'pf_67a7e602dc@example.com', 'param_1': 1}
INFO     sqlalchemy.engine.Engine:base.py:1846 INSERT INTO commande (id_utilisateur, numero_commande, montant_total_chf, shipping_method, frais_port_chf, statut) VALUES (%(id_utilisateur)s, %(numero_commande)s, %(montant_total_chf)s, %(shipping_method)s, %(frais_port_chf)s, %(statut)s)
INFO     sqlalchemy.engine.Engine:base.py:1846 [generated in 0.00229s] {'id_utilisateur': 278, 'numero_commande': 'CMD_PF_67a7e602dc', 'montant_total_chf': 100.0, 'shipping_method': 'POST', 'frais_port_chf': 0.0, 'statut': 'CREATED'}
INFO     sqlalchemy.engine.Engine:base.py:2716 COMMIT
INFO     sqlalchemy.engine.Engine:base.py:2710 BEGIN (implicit)
INFO     sqlalchemy.engine.Engine:base.py:1846 SELECT commande.id_commande, commande.id_utilisateur, commande.numero_commande, commande.date_commande, commande.montant_total_chf, commande.shipping_method, commande.frais_port_chf, commande.statut 
FROM commande 
WHERE commande.id_commande = %(pk_1)s
INFO     sqlalchemy.engine.Engine:base.py:1846 [generated in 0.00377s] {'pk_1': 57}
INFO     sqlalchemy.engine.Engine:base.py:2713 ROLLBACK
INFO     sqlalchemy.engine.Engine:base.py:2710 BEGIN (implicit)
INFO     sqlalchemy.engine.Engine:base.py:1846 SELECT utilisateur.id_utilisateur AS utilisateur_id_utilisateur, utilisateur.nom AS utilisateur_nom, utilisateur.prenom AS utilisateur_prenom, utilisateur.email AS utilisateur_email, utilisateur.mot_de_passe_hash AS utilisateur_mot_de_passe_hash, utilisateur.`role` AS utilisateur_role, utilisateur.billing_address_line1 AS utilisateur_billing_address_line1, utilisateur.billing_address_line2 AS utilisateur_billing_address_line2, utilisateur.billing_postal_code AS utilisateur_billing_postal_code, utilisateur.billing_city AS utilisateur_billing_city, utilisateur.billing_country AS utilisateur_billing_country, utilisateur.billing_phone AS utilisateur_billing_phone, utilisateur.date_creation AS utilisateur_date_creation 
FROM utilisateur 
WHERE utilisateur.email = %(email_1)s 
 LIMIT %(param_1)s
INFO     sqlalchemy.engine.Engine:base.py:1846 [cached since 0.8419s ago] {'email_1': 'pf_67a7e602dc@example.com', 'param_1': 1}
INFO     sqlalchemy.engine.Engine:base.py:2713 ROLLBACK
=============================== warnings summary ===============================
test/integration/test_order_api.py::test_postfinance_checkout_flow
  /Users/alexandrerey/Documents/caribooks/backend/venv/lib/python3.12/site-packages/passlib/utils/__init__.py:854: DeprecationWarning: 'crypt' is deprecated and slated for removal in Python 3.13
    from crypt import crypt as _crypt

-- Docs: https://docs.pytest.org/en/stable/how-to/capture-warnings.html
=========================== short test summary info ============================
FAILED test/integration/test_order_api.py::test_postfinance_checkout_flow - A...
========================= 1 failed, 1 warning in 1.60s =========================
